<?xml version="1.0" encoding="UTF-8"?>
<!-- Generated by org.testng.reporters.JUnitXMLReporter -->
<testsuite hostname="Jayarees-MacBook-Pro.local" ignored="0" name="Chrome" tests="20" failures="9" timestamp="13 Sep 2019 07:53:27 GMT" time="367.462" errors="0">
  <testcase name="i_am_not_a_user_of_agate_on_spalding_and_I_open_a_browser" time="1.854" classname="Stepdef.Spalding_register"/>
  <testcase name="i_navigate_to_a_premium_article_on_spalding" time="11.423" classname="Stepdef.Spalding_register"/>
  <testcase name="i_click_on_the_create_wallet_button_on_spalding" time="24.361" classname="Stepdef.Spalding_register"/>
  <testcase name="i_verify_that_the_create_wallet_button_takes_me_to_the_reg_page_on_spalding" time="12.036" classname="Stepdef.Spalding_register"/>
  <testcase name="i_enter_all_the_details_successfully_on_reg_page_of_spalding" time="56.608" classname="Stepdef.Spalding_register"/>
  <testcase name="i_am_registered_as_an_agate_user_on_spalding_successfully_and_I_am_shown_a_first_use_notice" time="35.534" classname="Stepdef.Spalding_register">
    <failure type="org.openqa.selenium.WebDriverException" message="unknown error: Element &amp;lt;iframe id=&amp;quot;iframe__popup_notices&amp;quot; class=&amp;quot;&amp;quot; style=&amp;quot;display: block; width: 100%; height: 470px; border: none;&amp;quot; cd_frame_id_=&amp;quot;fbae885ffb18829a77b03369dee7148f&amp;quot;&amp;gt;&amp;lt;/iframe&amp;gt; is not clickable at point (432, 320). Other element would receive the click: &amp;lt;div&amp;gt;...&amp;lt;/div&amp;gt;
  (Session info: chrome=76.0.3809.132)
  (Driver info: chromedriver=2.43.600229 (3fae4d0cda5334b4f533bede5a4787f7b832d052),platform=Mac OS X 10.14.5 x86_64) (WARNING: The server did not provide any stacktrace information)
Command duration or timeout: 0 milliseconds
Build info: version: &amp;apos;3.141.59&amp;apos;, revision: &amp;apos;e82be7d358&amp;apos;, time: &amp;apos;2018-11-14T08:17:03&amp;apos;
System info: host: &amp;apos;Jayarees-MacBook-Pro.local&amp;apos;, ip: &amp;apos;fe80:0:0:0:1cfe:679:9c1d:9358%en0&amp;apos;, os.name: &amp;apos;Mac OS X&amp;apos;, os.arch: &amp;apos;x86_64&amp;apos;, os.version: &amp;apos;10.14.5&amp;apos;, java.version: &amp;apos;1.8.0_191&amp;apos;
Driver info: org.openqa.selenium.chrome.ChromeDriver
Capabilities {acceptInsecureCerts: false, acceptSslCerts: false, applicationCacheEnabled: false, browserConnectionEnabled: false, browserName: chrome, chrome: {chromedriverVersion: 2.43.600229 (3fae4d0cda5334..., userDataDir: /var/folders/s6/h3svzd2j4f3...}, cssSelectorsEnabled: true, databaseEnabled: false, goog:chromeOptions: {debuggerAddress: localhost:56898}, handlesAlerts: true, hasTouchScreen: false, javascriptEnabled: true, locationContextEnabled: true, mobileEmulationEnabled: false, nativeEvents: true, networkConnectionEnabled: false, pageLoadStrategy: normal, platform: MAC, platformName: MAC, rotatable: false, setWindowRect: true, takesHeapSnapshot: true, takesScreenshot: true, unexpectedAlertBehaviour: , unhandledPromptBehavior: , version: 76.0.3809.132, webStorageEnabled: true}
Session ID: 270b7c745b7bf657c1566c62b6f28053">
      <![CDATA[org.openqa.selenium.WebDriverException: unknown error: Element <iframe id="iframe__popup_notices" class="" style="display: block; width: 100%; height: 470px; border: none;" cd_frame_id_="fbae885ffb18829a77b03369dee7148f"></iframe> is not clickable at point (432, 320). Other element would receive the click: <div>...</div>
  (Session info: chrome=76.0.3809.132)
  (Driver info: chromedriver=2.43.600229 (3fae4d0cda5334b4f533bede5a4787f7b832d052),platform=Mac OS X 10.14.5 x86_64) (WARNING: The server did not provide any stacktrace information)
Command duration or timeout: 0 milliseconds
Build info: version: '3.141.59', revision: 'e82be7d358', time: '2018-11-14T08:17:03'
System info: host: 'Jayarees-MacBook-Pro.local', ip: 'fe80:0:0:0:1cfe:679:9c1d:9358%en0', os.name: 'Mac OS X', os.arch: 'x86_64', os.version: '10.14.5', java.version: '1.8.0_191'
Driver info: org.openqa.selenium.chrome.ChromeDriver
Capabilities {acceptInsecureCerts: false, acceptSslCerts: false, applicationCacheEnabled: false, browserConnectionEnabled: false, browserName: chrome, chrome: {chromedriverVersion: 2.43.600229 (3fae4d0cda5334..., userDataDir: /var/folders/s6/h3svzd2j4f3...}, cssSelectorsEnabled: true, databaseEnabled: false, goog:chromeOptions: {debuggerAddress: localhost:56898}, handlesAlerts: true, hasTouchScreen: false, javascriptEnabled: true, locationContextEnabled: true, mobileEmulationEnabled: false, nativeEvents: true, networkConnectionEnabled: false, pageLoadStrategy: normal, platform: MAC, platformName: MAC, rotatable: false, setWindowRect: true, takesHeapSnapshot: true, takesScreenshot: true, unexpectedAlertBehaviour: , unhandledPromptBehavior: , version: 76.0.3809.132, webStorageEnabled: true}
Session ID: 270b7c745b7bf657c1566c62b6f28053
at org.openqa.selenium.remote.ErrorHandler.createThrowable(ErrorHandler.java:214)
at org.openqa.selenium.remote.ErrorHandler.throwIfResponseFailed(ErrorHandler.java:166)
at org.openqa.selenium.remote.http.JsonHttpResponseCodec.reconstructValue(JsonHttpResponseCodec.java:40)
at org.openqa.selenium.remote.http.AbstractHttpResponseCodec.decode(AbstractHttpResponseCodec.java:80)
at org.openqa.selenium.remote.http.AbstractHttpResponseCodec.decode(AbstractHttpResponseCodec.java:44)
at org.openqa.selenium.remote.HttpCommandExecutor.execute(HttpCommandExecutor.java:158)
at org.openqa.selenium.remote.service.DriverCommandExecutor.execute(DriverCommandExecutor.java:83)
at org.openqa.selenium.remote.RemoteWebDriver.execute(RemoteWebDriver.java:552)
at org.openqa.selenium.remote.RemoteWebElement.execute(RemoteWebElement.java:285)
at org.openqa.selenium.remote.RemoteWebElement.click(RemoteWebElement.java:84)
at Elements.Popbitch_Finish_Notice_elements.Verify_finish_notice_appears(Popbitch_Finish_Notice_elements.java:92)
at Stepdef.Spalding_register.i_am_registered_as_an_agate_user_on_spalding_successfully_and_I_am_shown_a_first_use_notice(Spalding_register.java:160)
... Removed 29 stack frames]]>
    </failure>
  </testcase> <!-- i_am_registered_as_an_agate_user_on_spalding_successfully_and_I_am_shown_a_first_use_notice -->
  <testcase name="i_am_a_registered_user_of_spalding_and_I_open_a_browser" time="0.94" classname="Stepdef.Spalding_Login"/>
  <testcase name="i_navigate_to_a_premium_article_on_spalding" time="12.321" classname="Stepdef.Spalding_Login"/>
  <testcase name="i_click_on_Login_from_spalding_First_use_notice" time="21.097" classname="Stepdef.Spalding_Login"/>
  <testcase name="i_verify_that_the_Login_Button_Navigates_me_to_the_login_page_to_log_me_in_to_spalding" time="10.3" classname="Stepdef.Spalding_Login"/>
  <testcase name="entering_the_correct_email_and_password_logs_me_in_to_spalding" time="6.875" classname="Stepdef.Spalding_Login"/>
  <testcase name="verify_that_I_am_being_navigated_to_the_same_article_on_spalding" time="5.088" classname="Stepdef.Spalding_Login">
    <failure type="java.lang.AssertionError" message="expected:&amp;lt;0.2&amp;gt; but was:&amp;lt;-0.2&amp;gt;">
      <![CDATA[java.lang.AssertionError: expected:<0.2> but was:<-0.2>
at Stepdef.Spalding_Login.verify_that_I_am_being_navigated_to_the_same_article_on_spalding(Spalding_Login.java:179)
... Removed 29 stack frames]]>
    </failure>
  </testcase> <!-- verify_that_I_am_being_navigated_to_the_same_article_on_spalding -->
  <testcase name="i_am_a_registered_Agate_User_and_I_login_in_to_spalding" time="68.131" classname="Stepdef.Spalding_transaction"/>
  <testcase name="i_read_a_premium_article_on_spalding" time="14.644" classname="Stepdef.Spalding_transaction">
    <failure type="java.lang.AssertionError" message="expected:&amp;lt;0.2&amp;gt; but was:&amp;lt;-0.4&amp;gt;">
      <![CDATA[java.lang.AssertionError: expected:<0.2> but was:<-0.4>
at Stepdef.Spalding_transaction.i_read_a_premium_article_on_spalding(Spalding_transaction.java:137)
... Removed 29 stack frames]]>
    </failure>
  </testcase> <!-- i_read_a_premium_article_on_spalding -->
  <testcase name="the_popbitch_wallet_balance_is_updated_same_as_spalding_and_free_point_remains_uneffected" time="14.48" classname="Stepdef.Spalding_transaction">
    <failure type="java.lang.AssertionError" message="expected:&amp;lt;9.4&amp;gt; but was:&amp;lt;10.0&amp;gt;">
      <![CDATA[java.lang.AssertionError: expected:<9.4> but was:<10.0>
at Stepdef.Spalding_transaction.the_popbitch_wallet_balance_is_updated_same_as_spalding_and_free_point_remains_uneffected(Spalding_transaction.java:177)
... Removed 29 stack frames]]>
    </failure>
  </testcase> <!-- the_popbitch_wallet_balance_is_updated_same_as_spalding_and_free_point_remains_uneffected -->
  <testcase name="reaction_wallet_balance_is_updated_and_free_point_remains_uneffected_same_as_spalding" time="14.555" classname="Stepdef.Spalding_transaction">
    <failure type="java.lang.AssertionError" message="expected:&amp;lt;9.4&amp;gt; but was:&amp;lt;10.0&amp;gt;">
      <![CDATA[java.lang.AssertionError: expected:<9.4> but was:<10.0>
at Stepdef.Spalding_transaction.reaction_wallet_balance_is_updated_and_free_point_remains_uneffected_same_as_spalding(Spalding_transaction.java:217)
... Removed 29 stack frames]]>
    </failure>
  </testcase> <!-- reaction_wallet_balance_is_updated_and_free_point_remains_uneffected_same_as_spalding -->
  <testcase name="cricketer_wallet_balance_remains_and_is_uneffected_by_spalding" time="13.694" classname="Stepdef.Spalding_transaction">
    <failure type="java.lang.AssertionError" message="expected:&amp;lt;9.4&amp;gt; but was:&amp;lt;10.0&amp;gt;">
      <![CDATA[java.lang.AssertionError: expected:<9.4> but was:<10.0>
at Stepdef.Spalding_transaction.cricketer_wallet_balance_remains_and_is_uneffected_by_spalding(Spalding_transaction.java:258)
... Removed 29 stack frames]]>
    </failure>
  </testcase> <!-- cricketer_wallet_balance_remains_and_is_uneffected_by_spalding -->
  <testcase name="cornwall_wallet_balance_remains_and_is_uneffected_by_spalding" time="14.283" classname="Stepdef.Spalding_transaction">
    <failure type="java.lang.AssertionError" message="expected:&amp;lt;9.4&amp;gt; but was:&amp;lt;10.0&amp;gt;">
      <![CDATA[java.lang.AssertionError: expected:<9.4> but was:<10.0>
at Stepdef.Spalding_transaction.cornwall_wallet_balance_remains_and_is_uneffected_by_spalding(Spalding_transaction.java:298)
... Removed 29 stack frames]]>
    </failure>
  </testcase> <!-- cornwall_wallet_balance_remains_and_is_uneffected_by_spalding -->
  <testcase name="slough_wallet_balance_remains_and_is_uneffected_by_spalding" time="13.347" classname="Stepdef.Spalding_transaction">
    <failure type="java.lang.AssertionError" message="expected:&amp;lt;9.4&amp;gt; but was:&amp;lt;10.0&amp;gt;">
      <![CDATA[java.lang.AssertionError: expected:<9.4> but was:<10.0>
at Stepdef.Spalding_transaction.slough_wallet_balance_remains_and_is_uneffected_by_spalding(Spalding_transaction.java:338)
... Removed 29 stack frames]]>
    </failure>
  </testcase> <!-- slough_wallet_balance_remains_and_is_uneffected_by_spalding -->
  <testcase name="windsor_wallet_balance_remains_and_is_uneffected_by_spalding" time="15.831" classname="Stepdef.Spalding_transaction">
    <failure type="java.lang.AssertionError" message="expected:&amp;lt;9.4&amp;gt; but was:&amp;lt;10.0&amp;gt;">
      <![CDATA[java.lang.AssertionError: expected:<9.4> but was:<10.0>
at Stepdef.Spalding_transaction.windsor_wallet_balance_remains_and_is_uneffected_by_spalding(Spalding_transaction.java:378)
... Removed 29 stack frames]]>
    </failure>
  </testcase> <!-- windsor_wallet_balance_remains_and_is_uneffected_by_spalding -->
</testsuite> <!-- Chrome -->
