<?xml version="1.0" encoding="UTF-8"?>
<testng-results skipped="0" failed="2" ignored="0" total="20" passed="18">
  <reporter-output>
  </reporter-output>
  <suite name=" Popbitch Chrome" duration-ms="509395" started-at="2019-09-09T11:11:59Z" finished-at="2019-09-09T11:20:29Z">
    <groups>
    </groups>
    <test name="Chrome" duration-ms="509395" started-at="2019-09-09T11:11:59Z" finished-at="2019-09-09T11:20:29Z">
      <class name="Stepdef.Popbitch_login_First_Use_Notice">
        <test-method status="PASS" signature="i_am_a_registered_user_I_open_the_browser(java.lang.String)[pri:10, instance:Stepdef.Popbitch_login_First_Use_Notice@5bc79255]" name="i_am_a_registered_user_I_open_the_browser" duration-ms="1642" started-at="2019-09-09T11:14:56Z" finished-at="2019-09-09T11:14:58Z">
          <params>
            <param index="0">
              <value>
                <![CDATA[Chrome]]>
              </value>
            </param>
          </params>
          <reporter-output>
          </reporter-output>
        </test-method> <!-- i_am_a_registered_user_I_open_the_browser -->
        <test-method status="PASS" signature="i_navigate_to_popbitch_com()[pri:11, instance:Stepdef.Popbitch_login_First_Use_Notice@5bc79255]" name="i_navigate_to_popbitch_com" duration-ms="5892" started-at="2019-09-09T11:14:58Z" finished-at="2019-09-09T11:15:04Z">
          <reporter-output>
          </reporter-output>
        </test-method> <!-- i_navigate_to_popbitch_com -->
        <test-method status="PASS" signature="i_Click_on_Login_to_Agate_from_the_Pop_Bitch_First_use_notice()[pri:14, instance:Stepdef.Popbitch_login_First_Use_Notice@5bc79255]" name="i_Click_on_Login_to_Agate_from_the_Pop_Bitch_First_use_notice" duration-ms="20193" started-at="2019-09-09T11:15:04Z" finished-at="2019-09-09T11:15:24Z">
          <reporter-output>
          </reporter-output>
        </test-method> <!-- i_Click_on_Login_to_Agate_from_the_Pop_Bitch_First_use_notice -->
        <test-method status="PASS" signature="i_verify_that_the_Login_Button_Navigates_me_to_the_login_page()[pri:15, instance:Stepdef.Popbitch_login_First_Use_Notice@5bc79255]" name="i_verify_that_the_Login_Button_Navigates_me_to_the_login_page" duration-ms="10327" started-at="2019-09-09T11:15:24Z" finished-at="2019-09-09T11:15:34Z">
          <reporter-output>
          </reporter-output>
        </test-method> <!-- i_verify_that_the_Login_Button_Navigates_me_to_the_login_page -->
        <test-method status="PASS" signature="i_Login_with_correct_Details()[pri:16, instance:Stepdef.Popbitch_login_First_Use_Notice@5bc79255]" name="i_Login_with_correct_Details" duration-ms="7274" started-at="2019-09-09T11:15:34Z" finished-at="2019-09-09T11:15:42Z">
          <reporter-output>
          </reporter-output>
        </test-method> <!-- i_Login_with_correct_Details -->
        <test-method status="PASS" signature="i_verify_that_I_am_navigated_to_the_full_article()[pri:17, instance:Stepdef.Popbitch_login_First_Use_Notice@5bc79255]" name="i_verify_that_I_am_navigated_to_the_full_article" duration-ms="46505" started-at="2019-09-09T11:15:42Z" finished-at="2019-09-09T11:16:28Z">
          <reporter-output>
          </reporter-output>
        </test-method> <!-- i_verify_that_I_am_navigated_to_the_full_article -->
      </class> <!-- Stepdef.Popbitch_login_First_Use_Notice -->
      <class name="Stepdef.popbitch_transaction">
        <test-method status="PASS" signature="i_am_a_registered_Agate_User_and_I_login_in_to_popbitch_staging_with_username_as_and_password_as(java.lang.String)[pri:23, instance:Stepdef.popbitch_transaction@47ef968d]" name="i_am_a_registered_Agate_User_and_I_login_in_to_popbitch_staging_with_username_as_and_password_as" duration-ms="51628" started-at="2019-09-09T11:16:28Z" finished-at="2019-09-09T11:17:20Z">
          <params>
            <param index="0">
              <value>
                <![CDATA[Chrome]]>
              </value>
            </param>
          </params>
          <reporter-output>
          </reporter-output>
        </test-method> <!-- i_am_a_registered_Agate_User_and_I_login_in_to_popbitch_staging_with_username_as_and_password_as -->
        <test-method status="FAIL" signature="i_read_a_premium_article()[pri:24, instance:Stepdef.popbitch_transaction@47ef968d]" name="i_read_a_premium_article" duration-ms="15045" started-at="2019-09-09T11:17:20Z" finished-at="2019-09-09T11:17:35Z">
          <exception class="java.lang.AssertionError">
            <message>
              <![CDATA[expected:<9.5> but was:<0.5>]]>
            </message>
            <full-stacktrace>
              <![CDATA[java.lang.AssertionError: expected:<9.5> but was:<0.5>
at org.testng.AssertJUnit.fail(AssertJUnit.java:59)
at org.testng.AssertJUnit.failNotEquals(AssertJUnit.java:364)
at org.testng.AssertJUnit.assertEquals(AssertJUnit.java:80)
at org.testng.AssertJUnit.assertEquals(AssertJUnit.java:88)
at Stepdef.popbitch_transaction.i_read_a_premium_article(popbitch_transaction.java:127)
at sun.reflect.NativeMethodAccessorImpl.invoke0(Native Method)
at sun.reflect.NativeMethodAccessorImpl.invoke(NativeMethodAccessorImpl.java:62)
at sun.reflect.DelegatingMethodAccessorImpl.invoke(DelegatingMethodAccessorImpl.java:43)
at java.lang.reflect.Method.invoke(Method.java:498)
at org.testng.internal.MethodInvocationHelper.invokeMethod(MethodInvocationHelper.java:124)
at org.testng.internal.Invoker.invokeMethod(Invoker.java:583)
at org.testng.internal.Invoker.invokeTestMethod(Invoker.java:719)
at org.testng.internal.Invoker.invokeTestMethods(Invoker.java:989)
at org.testng.internal.TestMethodWorker.invokeTestMethods(TestMethodWorker.java:125)
at org.testng.internal.TestMethodWorker.run(TestMethodWorker.java:109)
at org.testng.TestRunner.privateRun(TestRunner.java:648)
at org.testng.TestRunner.run(TestRunner.java:505)
at org.testng.SuiteRunner.runTest(SuiteRunner.java:455)
at org.testng.SuiteRunner.runSequentially(SuiteRunner.java:450)
at org.testng.SuiteRunner.privateRun(SuiteRunner.java:415)
at org.testng.SuiteRunner.run(SuiteRunner.java:364)
at org.testng.SuiteRunnerWorker.runSuite(SuiteRunnerWorker.java:52)
at org.testng.SuiteRunnerWorker.run(SuiteRunnerWorker.java:84)
at org.testng.TestNG.runSuitesSequentially(TestNG.java:1208)
at org.testng.TestNG.runSuitesLocally(TestNG.java:1137)
at org.testng.TestNG.runSuites(TestNG.java:1049)
at org.testng.TestNG.run(TestNG.java:1017)
at org.testng.remote.AbstractRemoteTestNG.run(AbstractRemoteTestNG.java:114)
at org.testng.remote.RemoteTestNG.initAndRun(RemoteTestNG.java:251)
at org.testng.remote.RemoteTestNG.main(RemoteTestNG.java:77)
]]>
            </full-stacktrace>
          </exception> <!-- java.lang.AssertionError -->
          <reporter-output>
          </reporter-output>
        </test-method> <!-- i_read_a_premium_article -->
        <test-method status="PASS" signature="the_wallet_balance_and_free_point_are_deducted_by_p()[pri:25, instance:Stepdef.popbitch_transaction@47ef968d]" name="the_wallet_balance_and_free_point_are_deducted_by_p" duration-ms="10153" started-at="2019-09-09T11:17:35Z" finished-at="2019-09-09T11:17:45Z">
          <reporter-output>
          </reporter-output>
        </test-method> <!-- the_wallet_balance_and_free_point_are_deducted_by_p -->
        <test-method status="PASS" signature="the_New_European_wallet_balance_is_updated_same_as_popbitch_and_free_point_remains_uneffected()[pri:26, instance:Stepdef.popbitch_transaction@47ef968d]" name="the_New_European_wallet_balance_is_updated_same_as_popbitch_and_free_point_remains_uneffected" duration-ms="0" started-at="2019-09-09T11:17:45Z" finished-at="2019-09-09T11:17:45Z">
          <reporter-output>
          </reporter-output>
        </test-method> <!-- the_New_European_wallet_balance_is_updated_same_as_popbitch_and_free_point_remains_uneffected -->
        <test-method status="FAIL" signature="reactions_wallet_balance_is_updated_and_free_point_remains_uneffected()[pri:27, instance:Stepdef.popbitch_transaction@47ef968d]" name="reactions_wallet_balance_is_updated_and_free_point_remains_uneffected" duration-ms="66604" started-at="2019-09-09T11:17:45Z" finished-at="2019-09-09T11:18:52Z">
          <exception class="org.openqa.selenium.NoSuchElementException">
            <message>
              <![CDATA[no such element: Unable to locate element: {"method":"id","selector":"iframe__inpage_notices"}
  (Session info: chrome=76.0.3809.132)
  (Driver info: chromedriver=2.43.600229 (3fae4d0cda5334b4f533bede5a4787f7b832d052),platform=Mac OS X 10.14.5 x86_64) (WARNING: The server did not provide any stacktrace information)
Command duration or timeout: 0 milliseconds
For documentation on this error, please visit: https://www.seleniumhq.org/exceptions/no_such_element.html
Build info: version: '3.141.59', revision: 'e82be7d358', time: '2018-11-14T08:17:03'
System info: host: 'Jayarees-MacBook-Pro.local', ip: 'fe80:0:0:0:95:c4c:f8c1:6e19%en0', os.name: 'Mac OS X', os.arch: 'x86_64', os.version: '10.14.5', java.version: '1.8.0_191'
Driver info: org.openqa.selenium.chrome.ChromeDriver
Capabilities {acceptInsecureCerts: false, acceptSslCerts: false, applicationCacheEnabled: false, browserConnectionEnabled: false, browserName: chrome, chrome: {chromedriverVersion: 2.43.600229 (3fae4d0cda5334..., userDataDir: /var/folders/s6/h3svzd2j4f3...}, cssSelectorsEnabled: true, databaseEnabled: false, goog:chromeOptions: {debuggerAddress: localhost:56848}, handlesAlerts: true, hasTouchScreen: false, javascriptEnabled: true, locationContextEnabled: true, mobileEmulationEnabled: false, nativeEvents: true, networkConnectionEnabled: false, pageLoadStrategy: normal, platform: MAC, platformName: MAC, rotatable: false, setWindowRect: true, takesHeapSnapshot: true, takesScreenshot: true, unexpectedAlertBehaviour: , unhandledPromptBehavior: , version: 76.0.3809.132, webStorageEnabled: true}
Session ID: ed3d0fbba5a898257f2a8a534cac8c0e
*** Element info: {Using=id, value=iframe__inpage_notices}]]>
            </message>
            <full-stacktrace>
              <![CDATA[org.openqa.selenium.NoSuchElementException: no such element: Unable to locate element: {"method":"id","selector":"iframe__inpage_notices"}
  (Session info: chrome=76.0.3809.132)
  (Driver info: chromedriver=2.43.600229 (3fae4d0cda5334b4f533bede5a4787f7b832d052),platform=Mac OS X 10.14.5 x86_64) (WARNING: The server did not provide any stacktrace information)
Command duration or timeout: 0 milliseconds
For documentation on this error, please visit: https://www.seleniumhq.org/exceptions/no_such_element.html
Build info: version: '3.141.59', revision: 'e82be7d358', time: '2018-11-14T08:17:03'
System info: host: 'Jayarees-MacBook-Pro.local', ip: 'fe80:0:0:0:95:c4c:f8c1:6e19%en0', os.name: 'Mac OS X', os.arch: 'x86_64', os.version: '10.14.5', java.version: '1.8.0_191'
Driver info: org.openqa.selenium.chrome.ChromeDriver
Capabilities {acceptInsecureCerts: false, acceptSslCerts: false, applicationCacheEnabled: false, browserConnectionEnabled: false, browserName: chrome, chrome: {chromedriverVersion: 2.43.600229 (3fae4d0cda5334..., userDataDir: /var/folders/s6/h3svzd2j4f3...}, cssSelectorsEnabled: true, databaseEnabled: false, goog:chromeOptions: {debuggerAddress: localhost:56848}, handlesAlerts: true, hasTouchScreen: false, javascriptEnabled: true, locationContextEnabled: true, mobileEmulationEnabled: false, nativeEvents: true, networkConnectionEnabled: false, pageLoadStrategy: normal, platform: MAC, platformName: MAC, rotatable: false, setWindowRect: true, takesHeapSnapshot: true, takesScreenshot: true, unexpectedAlertBehaviour: , unhandledPromptBehavior: , version: 76.0.3809.132, webStorageEnabled: true}
Session ID: ed3d0fbba5a898257f2a8a534cac8c0e
*** Element info: {Using=id, value=iframe__inpage_notices}
at sun.reflect.NativeConstructorAccessorImpl.newInstance0(Native Method)
at sun.reflect.NativeConstructorAccessorImpl.newInstance(NativeConstructorAccessorImpl.java:62)
at sun.reflect.DelegatingConstructorAccessorImpl.newInstance(DelegatingConstructorAccessorImpl.java:45)
at java.lang.reflect.Constructor.newInstance(Constructor.java:423)
at org.openqa.selenium.remote.ErrorHandler.createThrowable(ErrorHandler.java:214)
at org.openqa.selenium.remote.ErrorHandler.throwIfResponseFailed(ErrorHandler.java:166)
at org.openqa.selenium.remote.http.JsonHttpResponseCodec.reconstructValue(JsonHttpResponseCodec.java:40)
at org.openqa.selenium.remote.http.AbstractHttpResponseCodec.decode(AbstractHttpResponseCodec.java:80)
at org.openqa.selenium.remote.http.AbstractHttpResponseCodec.decode(AbstractHttpResponseCodec.java:44)
at org.openqa.selenium.remote.HttpCommandExecutor.execute(HttpCommandExecutor.java:158)
at org.openqa.selenium.remote.service.DriverCommandExecutor.execute(DriverCommandExecutor.java:83)
at org.openqa.selenium.remote.RemoteWebDriver.execute(RemoteWebDriver.java:552)
at org.openqa.selenium.remote.RemoteWebDriver.findElement(RemoteWebDriver.java:323)
at org.openqa.selenium.remote.RemoteWebDriver.findElementById(RemoteWebDriver.java:372)
at org.openqa.selenium.By$ById.findElement(By.java:188)
at org.openqa.selenium.remote.RemoteWebDriver.findElement(RemoteWebDriver.java:315)
at Elements.Authorise_charge_notice_popbitch.authorise_charge_notice_click_continue(Authorise_charge_notice_popbitch.java:50)
at Stepdef.popbitch_transaction.reactions_wallet_balance_is_updated_and_free_point_remains_uneffected(popbitch_transaction.java:270)
at sun.reflect.NativeMethodAccessorImpl.invoke0(Native Method)
at sun.reflect.NativeMethodAccessorImpl.invoke(NativeMethodAccessorImpl.java:62)
at sun.reflect.DelegatingMethodAccessorImpl.invoke(DelegatingMethodAccessorImpl.java:43)
at java.lang.reflect.Method.invoke(Method.java:498)
at org.testng.internal.MethodInvocationHelper.invokeMethod(MethodInvocationHelper.java:124)
at org.testng.internal.Invoker.invokeMethod(Invoker.java:583)
at org.testng.internal.Invoker.invokeTestMethod(Invoker.java:719)
at org.testng.internal.Invoker.invokeTestMethods(Invoker.java:989)
at org.testng.internal.TestMethodWorker.invokeTestMethods(TestMethodWorker.java:125)
at org.testng.internal.TestMethodWorker.run(TestMethodWorker.java:109)
at org.testng.TestRunner.privateRun(TestRunner.java:648)
at org.testng.TestRunner.run(TestRunner.java:505)
at org.testng.SuiteRunner.runTest(SuiteRunner.java:455)
at org.testng.SuiteRunner.runSequentially(SuiteRunner.java:450)
at org.testng.SuiteRunner.privateRun(SuiteRunner.java:415)
at org.testng.SuiteRunner.run(SuiteRunner.java:364)
at org.testng.SuiteRunnerWorker.runSuite(SuiteRunnerWorker.java:52)
at org.testng.SuiteRunnerWorker.run(SuiteRunnerWorker.java:84)
at org.testng.TestNG.runSuitesSequentially(TestNG.java:1208)
at org.testng.TestNG.runSuitesLocally(TestNG.java:1137)
at org.testng.TestNG.runSuites(TestNG.java:1049)
at org.testng.TestNG.run(TestNG.java:1017)
at org.testng.remote.AbstractRemoteTestNG.run(AbstractRemoteTestNG.java:114)
at org.testng.remote.RemoteTestNG.initAndRun(RemoteTestNG.java:251)
at org.testng.remote.RemoteTestNG.main(RemoteTestNG.java:77)
]]>
            </full-stacktrace>
          </exception> <!-- org.openqa.selenium.NoSuchElementException -->
          <reporter-output>
          </reporter-output>
        </test-method> <!-- reactions_wallet_balance_is_updated_and_free_point_remains_uneffected -->
        <test-method status="PASS" signature="slough_wallet_balance_remains_and_is_uneffected_by_popbitch()[pri:28, instance:Stepdef.popbitch_transaction@47ef968d]" name="slough_wallet_balance_remains_and_is_uneffected_by_popbitch" duration-ms="97290" started-at="2019-09-09T11:18:52Z" finished-at="2019-09-09T11:20:29Z">
          <reporter-output>
          </reporter-output>
        </test-method> <!-- slough_wallet_balance_remains_and_is_uneffected_by_popbitch -->
      </class> <!-- Stepdef.popbitch_transaction -->
      <class name="Stepdef.Popbitch_register_First_Use_notice">
        <test-method status="PASS" signature="i_am_not_a_user_of_Agate_I_open_a_browser(java.lang.String)[pri:0, instance:Stepdef.Popbitch_register_First_Use_notice@6e0e048a]" name="i_am_not_a_user_of_Agate_I_open_a_browser" duration-ms="2097" started-at="2019-09-09T11:11:59Z" finished-at="2019-09-09T11:12:02Z">
          <params>
            <param index="0">
              <value>
                <![CDATA[Chrome]]>
              </value>
            </param>
          </params>
          <reporter-output>
          </reporter-output>
        </test-method> <!-- i_am_not_a_user_of_Agate_I_open_a_browser -->
        <test-method status="PASS" signature="i_navigate_to_popbitch_com_from_the_browser()[pri:1, instance:Stepdef.Popbitch_register_First_Use_notice@6e0e048a]" name="i_navigate_to_popbitch_com_from_the_browser" duration-ms="5163" started-at="2019-09-09T11:12:02Z" finished-at="2019-09-09T11:12:07Z">
          <reporter-output>
          </reporter-output>
        </test-method> <!-- i_navigate_to_popbitch_com_from_the_browser -->
        <test-method status="PASS" signature="i_click_on_the_create_agate_wallet_from_the_first_use_notice()[pri:2, instance:Stepdef.Popbitch_register_First_Use_notice@6e0e048a]" name="i_click_on_the_create_agate_wallet_from_the_first_use_notice" duration-ms="11182" started-at="2019-09-09T11:12:07Z" finished-at="2019-09-09T11:12:18Z">
          <reporter-output>
          </reporter-output>
        </test-method> <!-- i_click_on_the_create_agate_wallet_from_the_first_use_notice -->
        <test-method status="PASS" signature="i_verify_that_the_create_wallet_button_navigates_me_to_the_sign_up_page()[pri:3, instance:Stepdef.Popbitch_register_First_Use_notice@6e0e048a]" name="i_verify_that_the_create_wallet_button_navigates_me_to_the_sign_up_page" duration-ms="32619" started-at="2019-09-09T11:12:18Z" finished-at="2019-09-09T11:12:51Z">
          <reporter-output>
          </reporter-output>
        </test-method> <!-- i_verify_that_the_create_wallet_button_navigates_me_to_the_sign_up_page -->
        <test-method status="PASS" signature="i_enter_the_correct_details_and_hit_the_Register_button()[pri:4, instance:Stepdef.Popbitch_register_First_Use_notice@6e0e048a]" name="i_enter_the_correct_details_and_hit_the_Register_button" duration-ms="47316" started-at="2019-09-09T11:12:51Z" finished-at="2019-09-09T11:13:38Z">
          <reporter-output>
          </reporter-output>
        </test-method> <!-- i_enter_the_correct_details_and_hit_the_Register_button -->
        <test-method status="PASS" signature="i_login_successfully()[pri:5, instance:Stepdef.Popbitch_register_First_Use_notice@6e0e048a]" name="i_login_successfully" duration-ms="10020" started-at="2019-09-09T11:13:38Z" finished-at="2019-09-09T11:13:48Z">
          <reporter-output>
          </reporter-output>
        </test-method> <!-- i_login_successfully -->
        <test-method status="PASS" signature="finish_Notice_appears()[pri:6, instance:Stepdef.Popbitch_register_First_Use_notice@6e0e048a]" name="finish_Notice_appears" duration-ms="23930" started-at="2019-09-09T11:13:48Z" finished-at="2019-09-09T11:14:12Z">
          <reporter-output>
          </reporter-output>
        </test-method> <!-- finish_Notice_appears -->
        <test-method status="PASS" signature="finish_notice_elements_are_displayed()[pri:7, instance:Stepdef.Popbitch_register_First_Use_notice@6e0e048a]" name="finish_notice_elements_are_displayed" duration-ms="44452" started-at="2019-09-09T11:14:12Z" finished-at="2019-09-09T11:14:56Z">
          <reporter-output>
          </reporter-output>
        </test-method> <!-- finish_notice_elements_are_displayed -->
      </class> <!-- Stepdef.Popbitch_register_First_Use_notice -->
    </test> <!-- Chrome -->
  </suite> <!--  Popbitch Chrome -->
</testng-results>
